<?xml version="1.0" encoding="UTF-8"?>
<!-- Generated by org.testng.reporters.JUnitReportReporter -->
<testsuite hostname="hari" failures="0" tests="1" name="com.simplilearn.restassuredtest.RetrieveAllUsers" time="5.804" errors="0" timestamp="2024-01-25T21:43:41 IST" skipped="0">
  <testcase classname="com.simplilearn.restassuredtest.RetrieveAllUsers" name="testGetusers" time="5.804"/>
  <system-out/>
</testsuite> <!-- com.simplilearn.restassuredtest.RetrieveAllUsers -->
