<?xml version="1.0" encoding="UTF-8"?>
<!-- Generated by org.testng.reporters.JUnitReportReporter -->
<testsuite hostname="hari" failures="0" tests="1" name="com.simplilearn.restassuredtest.UpdateProduct" time="5.618" errors="0" timestamp="2024-01-25T21:44:12 IST" skipped="0">
  <testcase classname="com.simplilearn.restassuredtest.UpdateProduct" name="testGetProduct" time="5.618"/>
  <system-out/>
</testsuite> <!-- com.simplilearn.restassuredtest.UpdateProduct -->
