<?xml version="1.0" encoding="UTF-8"?>
<!-- Generated by org.testng.reporters.JUnitReportReporter -->
<testsuite hostname="hari" failures="0" tests="1" name="com.simplilearn.restassuredtest.AddProducts" time="4.887" errors="0" timestamp="2024-01-25T21:41:41 IST" skipped="0">
  <testcase classname="com.simplilearn.restassuredtest.AddProducts" name="testAddProduct" time="4.887"/>
  <system-out/>
</testsuite> <!-- com.simplilearn.restassuredtest.AddProducts -->
