<?xml version="1.0" encoding="UTF-8"?>
<!-- Generated by org.testng.reporters.JUnitReportReporter -->
<testsuite hostname="hari" failures="0" tests="1" name="com.simplilearn.restassuredtest.DeleteProduct" time="5.784" errors="0" timestamp="2024-01-25T21:42:27 IST" skipped="0">
  <testcase classname="com.simplilearn.restassuredtest.DeleteProduct" name="testDeleteProduct" time="5.784"/>
  <system-out/>
</testsuite> <!-- com.simplilearn.restassuredtest.DeleteProduct -->
