<?xml version="1.0" encoding="UTF-8"?>
<!-- Generated by org.testng.reporters.JUnitReportReporter -->
<testsuite hostname="hari" failures="0" tests="3" name="com.simplilearn.selenium.AddToCartTest" time="8.295" errors="0" timestamp="2024-01-25T21:29:15 IST" skipped="0">
  <testcase classname="com.simplilearn.selenium.AddToCartTest" name="addCartPageTest" time="8.189"/>
  <system-out/>
  <testcase classname="com.simplilearn.selenium.AddToCartTest" name="addCartPageSOurceUrlTest" time="0.049"/>
  <system-out/>
  <testcase classname="com.simplilearn.selenium.AddToCartTest" name="homePageTitleTest" time="0.057"/>
  <system-out/>
</testsuite> <!-- com.simplilearn.selenium.AddToCartTest -->
