<?xml version="1.0" encoding="UTF-8"?>
<!-- Generated by org.testng.reporters.JUnitReportReporter -->
<testsuite hostname="hari" failures="0" tests="3" name="com.simplilearn.selenium.RegistrtionPageTest" time="5.301" errors="0" timestamp="2024-01-25T17:10:54 IST" skipped="0">
  <testcase classname="com.simplilearn.selenium.RegistrtionPageTest" name="registrationPageTest" time="5.226"/>
  <system-out/>
  <testcase classname="com.simplilearn.selenium.RegistrtionPageTest" name="homePageSOurceUrlTest" time="0.032"/>
  <system-out/>
  <testcase classname="com.simplilearn.selenium.RegistrtionPageTest" name="homePageTitleTest" time="0.043"/>
  <system-out/>
</testsuite> <!-- com.simplilearn.selenium.RegistrtionPageTest -->
