<?xml version="1.0" encoding="UTF-8"?>
<!-- Generated by org.testng.reporters.JUnitReportReporter -->
<testsuite hostname="hari" failures="0" tests="3" name="com.simplilearn.selenium.LoginPageTest" time="5.694" errors="0" timestamp="2024-01-25T21:30:22 IST" skipped="0">
  <testcase classname="com.simplilearn.selenium.LoginPageTest" name="loginPageTitleTest" time="5.637"/>
  <system-out/>
  <testcase classname="com.simplilearn.selenium.LoginPageTest" name="loginPageSOurceUrlTest" time="0.029"/>
  <system-out/>
  <testcase classname="com.simplilearn.selenium.LoginPageTest" name="loginPageTitleTest2" time="0.028"/>
  <system-out/>
</testsuite> <!-- com.simplilearn.selenium.LoginPageTest -->
