<?xml version="1.0" encoding="UTF-8"?>
<!-- Generated by org.testng.reporters.JUnitReportReporter -->
<testsuite hostname="hari" failures="0" tests="3" name="com.simplilearn.selenium.PlaceOrderPageTest" time="7.852" errors="0" timestamp="2024-01-25T21:31:31 IST" skipped="0">
  <testcase classname="com.simplilearn.selenium.PlaceOrderPageTest" name="addCartPageTest" time="7.760"/>
  <system-out/>
  <testcase classname="com.simplilearn.selenium.PlaceOrderPageTest" name="addCartPageSOurceUrlTest" time="0.039"/>
  <system-out/>
  <testcase classname="com.simplilearn.selenium.PlaceOrderPageTest" name="homePageTitleTest" time="0.053"/>
  <system-out/>
</testsuite> <!-- com.simplilearn.selenium.PlaceOrderPageTest -->
